[INFO]  reading M files...
[INFO]  reading prodr2 files...
[INFO]  reading annot files...
[INFO]  reading frq files...
[INFO]  reading sumstats files...
[INFO]  reading otherstats files...
[INFO]  reading otherstats files...
[INFO]  reading Gty files...
[INFO]  reading diagGRM files...
[INFO]  reading sumstats files...
[INFO]  reading otherstats files...
[INFO]  reading otherstats files...
[INFO]  reading Gty files...
[INFO]  reading diagGRM files...
[INFO]  reading sumstats files...
[INFO]  reading otherstats files...
[INFO]  reading otherstats files...
[INFO]  reading Gty files...
[INFO]  reading diagGRM files...
[WARNING]  Flipping 37 SNPs in /tmp/k4hzIf/s3. to match the minor alleles of /tmp/k4hzIf/s3.
[WARNING]  Flipping 33 SNPs in /tmp/k4hzIf/s3. to match the minor alleles of /tmp/k4hzIf/s2.
[INFO]  250 individuals found in both Gty files
[INFO]  250 individuals found in both Gty files
[INFO]  250 individuals found in both Gty files
